<?xml version="1.0" encoding="UTF-8"?>
<!-- Generated by org.testng.reporters.JUnitReportReporter -->
<testsuite hostname="DESKTOP-GQ5DUF1" name="se.nackademin.examination.examination_jacoco.ConversorTest" tests="4" failures="0" timestamp="21 Oct 2016 08:25:06 GMT" time="0.001" errors="0">
  <testcase name="testNameConverterArrayValues" time="0.000" classname="se.nackademin.examination.examination_jacoco.ConversorTest"/>
  <testcase name="testAgeConverterArrayValues" time="0.000" classname="se.nackademin.examination.examination_jacoco.ConversorTest"/>
  <testcase name="testGenderConverterArrayValues" time="0.001" classname="se.nackademin.examination.examination_jacoco.ConversorTest"/>
  <testcase name="testCityConverterArrayValues" time="0.000" classname="se.nackademin.examination.examination_jacoco.ConversorTest"/>
</testsuite> <!-- se.nackademin.examination.examination_jacoco.ConversorTest -->
