<?xml version="1.0" encoding="UTF-8"?>
<!-- Generated by org.testng.reporters.JUnitReportReporter -->
<testsuite hostname="DESKTOP-GQ5DUF1" name="se.nackademin.examination.examination_jacoco.GameTest" tests="9" failures="0" timestamp="21 Oct 2016 08:25:06 GMT" time="0.014" errors="0">
  <testcase name="testRunGame" time="0.005" classname="se.nackademin.examination.examination_jacoco.GameTest"/>
  <testcase name="testCalculateOutPutBasedOnAge" time="0.000" classname="se.nackademin.examination.examination_jacoco.GameTest"/>
  <testcase name="testCalculateOutputBasedOnNames" time="0.000" classname="se.nackademin.examination.examination_jacoco.GameTest"/>
  <testcase name="testBuildFinalString" time="0.000" classname="se.nackademin.examination.examination_jacoco.GameTest"/>
  <testcase name="testRun" time="0.003" classname="se.nackademin.examination.examination_jacoco.GameTest"/>
  <testcase name="testGenderFromInputValues" time="0.002" classname="se.nackademin.examination.examination_jacoco.GameTest"/>
  <testcase name="testAgeFromInputValues" time="0.001" classname="se.nackademin.examination.examination_jacoco.GameTest"/>
  <testcase name="testCalculateOutputBasedOnGender" time="0.002" classname="se.nackademin.examination.examination_jacoco.GameTest"/>
  <testcase name="testCalculateOutPutBasedOnHomeCity" time="0.001" classname="se.nackademin.examination.examination_jacoco.GameTest"/>
</testsuite> <!-- se.nackademin.examination.examination_jacoco.GameTest -->
