<?xml version="1.0" encoding="UTF-8"?>
<!-- Generated by org.testng.reporters.JUnitReportReporter -->
<testsuite hostname="DESKTOP-GQ5DUF1" name="se.nackademin.examination.examination_jacoco.ResultsFromInputsTest" tests="4" failures="0" timestamp="21 Oct 2016 08:25:06 GMT" time="0.012" errors="0">
  <testcase name="testResultForNameLength" time="0.000" classname="se.nackademin.examination.examination_jacoco.ResultsFromInputsTest"/>
  <testcase name="testResultForGender" time="0.001" classname="se.nackademin.examination.examination_jacoco.ResultsFromInputsTest"/>
  <testcase name="testResultForHomeCity" time="0.010" classname="se.nackademin.examination.examination_jacoco.ResultsFromInputsTest"/>
  <testcase name="testResultForAge" time="0.001" classname="se.nackademin.examination.examination_jacoco.ResultsFromInputsTest"/>
</testsuite> <!-- se.nackademin.examination.examination_jacoco.ResultsFromInputsTest -->
