<?xml version="1.0" encoding="UTF-8"?>
<!-- Generated by org.testng.reporters.JUnitReportReporter -->
<testsuite hostname="DESKTOP-GQ5DUF1" name="se.nackademin.examination.examination_jacoco.DataAnalysisTest" tests="6" failures="0" timestamp="21 Oct 2016 08:25:06 GMT" time="0.007" errors="0">
  <testcase name="testResultStringNamesAndAgeUnder30" time="0.001" classname="se.nackademin.examination.examination_jacoco.DataAnalysisTest"/>
  <testcase name="testResultStringSmallHomeCityAndAgeUnder30" time="0.001" classname="se.nackademin.examination.examination_jacoco.DataAnalysisTest"/>
  <testcase name="testResultStringSmallHomeCityAndAgeOver30" time="0.001" classname="se.nackademin.examination.examination_jacoco.DataAnalysisTest"/>
  <testcase name="testResultStringBigHomeCityAndAgeOver30" time="0.001" classname="se.nackademin.examination.examination_jacoco.DataAnalysisTest"/>
  <testcase name="testResultStringBigHomeCityAndAgeUnder30" time="0.003" classname="se.nackademin.examination.examination_jacoco.DataAnalysisTest"/>
  <testcase name="testResultStringNamesAndAgeOver30" time="0.000" classname="se.nackademin.examination.examination_jacoco.DataAnalysisTest"/>
</testsuite> <!-- se.nackademin.examination.examination_jacoco.DataAnalysisTest -->
