<?xml version="1.0" encoding="UTF-8"?>
<!-- Generated by org.testng.reporters.JUnitReportReporter -->
<testsuite hostname="DESKTOP-GQ5DUF1" name="se.nackademin.examination.examination_jacoco.MainTest" tests="1" failures="0" timestamp="21 Oct 2016 08:25:06 GMT" time="0.002" errors="0">
  <testcase name="testMainMethod" time="0.002" classname="se.nackademin.examination.examination_jacoco.MainTest"/>
</testsuite> <!-- se.nackademin.examination.examination_jacoco.MainTest -->
